#
# A fatal error has been detected by the Java Runtime Environment:
#
#  EXCEPTION_ACCESS_VIOLATION (0xc0000005) at pc=0x000000005e03488f, pid=3076, tid=0x00000000000024cc
#
# JRE version: OpenJDK Runtime Environment (8.0_242-b01) (build 1.8.0_242-release-1644-b01)
# Java VM: OpenJDK 64-Bit Server VM (25.242-b01 mixed mode windows-amd64 compressed oops)
# Problematic frame:
# V  [jvm.dll+0x49488f]
#
# Failed to write core dump. Minidumps are not enabled by default on client versions of Windows
#
# If you would like to submit a bug report, please visit:
#   
#

---------------  T H R E A D  ---------------

Current thread (0x000000001800c000):  JavaThread "C2 CompilerThread1" daemon [_thread_in_native, id=9420, stack(0x0000000019770000,0x0000000019870000)]

siginfo: ExceptionCode=0xc0000005, reading address 0xffffffffffffffff

Registers:
RAX=0x000000005e190718, RBX=0x000000001b1a69f0, RCX=0x000000001b1a69f0, RDX=0x0000000000000000
RSP=0x000000001986b540, RBP=0x00000000212832c8, RSI=0x000000001986ba60, RDI=0x000000001986b608
R8 =0x0000000000000002, R9 =0x0000000000000000, R10=0x000000001ae2d200, R11=0x0000000000000002
R12=0x000000001986b5e8, R13=0x0000000000000060, R14=0x000000001ae30b20, R15=0x000000000000000c
RIP=0x000000005e03488f, EFLAGS=0x0000000000010206

Top of Stack: (sp=0x000000001986b540)
0x000000001986b540:   000000001b1a6a78 0000000000000060
0x000000001986b550:   000000001986b608 000000001986b5e8
0x000000001986b560:   000000001f49cd00 0000000017fc5a30
0x000000001986b570:   0000000000000003 0000000000000002
0x000000001986b580:   000000001a5349e0 000000001f496c30
0x000000001986b590:   0000000017fc5a30 000000001986ba40
0x000000001986b5a0:   000000001986b6b0 000000005e03694b
0x000000001986b5b0:   000000001986ba40 000000001986b608
0x000000001986b5c0:   000000000000000c 000000001986b658
0x000000001986b5d0:   000000001f49acf0 000000001f49ec18
0x000000001986b5e0:   0000000000010388 0000000017fc5a30
0x000000001986b5f0:   0000000000000020 000000001e3ab5e0
0x000000001986b600:   0000000000000009 000000005e1df9e8
0x000000001986b610:   0000000017fc5a30 0000000000000020
0x000000001986b620:   000000001e3ab560 0000000000000003
0x000000001986b630:   000000001f496c30 0000000017fc5a30 

Instructions: (pc=0x000000005e03488f)
0x000000005e03486f:   00 49 8b 46 08 41 ff c7 49 83 c5 08 49 8b 5c 05
0x000000005e03487f:   f8 48 85 db 0f 84 d3 00 00 00 48 8b 03 48 8b cb
0x000000005e03488f:   ff 90 b0 00 00 00 84 c0 74 37 48 8b 03 48 8b cb
0x000000005e03489f:   ff 50 10 84 c0 75 2a 48 8b 43 08 8b 7b 28 48 8b 


Register to memory mapping:

RAX=0x000000005e190718 is an unknown value
RBX=0x000000001b1a69f0 is an unknown value
RCX=0x000000001b1a69f0 is an unknown value
RDX=0x0000000000000000 is an unknown value
RSP=0x000000001986b540 is pointing into the stack for thread: 0x000000001800c000
RBP=0x00000000212832c8 is an unknown value
RSI=0x000000001986ba60 is pointing into the stack for thread: 0x000000001800c000
RDI=0x000000001986b608 is pointing into the stack for thread: 0x000000001800c000
R8 =0x0000000000000002 is an unknown value
R9 =0x0000000000000000 is an unknown value
R10=0x000000001ae2d200 is an unknown value
R11=0x0000000000000002 is an unknown value
R12=0x000000001986b5e8 is pointing into the stack for thread: 0x000000001800c000
R13=0x0000000000000060 is an unknown value
R14=0x000000001ae30b20 is an unknown value
R15=0x000000000000000c is an unknown value


Stack: [0x0000000019770000,0x0000000019870000],  sp=0x000000001986b540,  free space=1005k
Native frames: (J=compiled Java code, j=interpreted, Vv=VM code, C=native code)
V  [jvm.dll+0x49488f]
V  [jvm.dll+0x49694b]
V  [jvm.dll+0x446db9]
V  [jvm.dll+0x447f14]
V  [jvm.dll+0x42b072]
V  [jvm.dll+0x8230f]
V  [jvm.dll+0x82c7f]
V  [jvm.dll+0x220b7f]
V  [jvm.dll+0x27276a]
C  [msvcr100.dll+0x21d9f]
C  [msvcr100.dll+0x21e3b]
C  [KERNEL32.DLL+0x17bd4]
C  [ntdll.dll+0x6ce51]


Current CompileTask:
C2:  55410 8842 %     4       com.esotericsoftware.kryo.io.Output::writeString @ 65 (125 bytes)


---------------  P R O C E S S  ---------------

Java Threads: ( => current thread )
  0x000000001ac0a800 JavaThread "Cache worker for Build Output Cleanup Cache (D:\AndroidStudio\Proyectos\.gradle\buildOutputCleanup)" [_thread_blocked, id=18016, stack(0x00000000241e0000,0x00000000242e0000)]
  0x000000001ac07000 JavaThread "Build operations Thread 4" [_thread_blocked, id=15892, stack(0x0000000023ee0000,0x0000000023fe0000)]
  0x000000001ac09000 JavaThread "Build operations Thread 3" [_thread_in_native, id=3308, stack(0x0000000022b80000,0x0000000022c80000)]
  0x000000001ac0d800 JavaThread "Build operations Thread 2" [_thread_blocked, id=2900, stack(0x0000000022a80000,0x0000000022b80000)]
  0x000000001ac0d000 JavaThread "Build operations" [_thread_in_native, id=6496, stack(0x0000000022980000,0x0000000022a80000)]
  0x000000001abc9800 JavaThread "Cache worker for execution history cache (C:\Users\aleja\.gradle\caches\6.1.1\executionHistory)" [_thread_blocked, id=15388, stack(0x00000000218e0000,0x00000000219e0000)]
  0x000000001abcf000 JavaThread "Cache worker for cache directory md-rule (C:\Users\aleja\.gradle\caches\6.1.1\md-rule)" [_thread_blocked, id=18152, stack(0x00000000216e0000,0x00000000217e0000)]
  0x000000001abc8000 JavaThread "Cache worker for cache directory md-supplier (C:\Users\aleja\.gradle\caches\6.1.1\md-supplier)" [_thread_blocked, id=3796, stack(0x00000000215e0000,0x00000000216e0000)]
  0x000000001abc9000 JavaThread "Cache worker for file hash cache (D:\AndroidStudio\Proyectos\.gradle\6.1.1\fileHashes)" [_thread_blocked, id=12960, stack(0x00000000217e0000,0x00000000218e0000)]
  0x000000001abcd800 JavaThread "Cache worker for checksums cache (D:\AndroidStudio\Proyectos\.gradle\checksums)" [_thread_blocked, id=5608, stack(0x0000000021a20000,0x0000000021b20000)]
  0x000000001abcd000 JavaThread "Cache worker for file hash cache (C:\Users\aleja\.gradle\caches\6.1.1\fileHashes)" [_thread_blocked, id=12920, stack(0x000000001ddc0000,0x000000001dec0000)]
  0x000000001abce800 JavaThread "File lock request listener" [_thread_in_native, id=17968, stack(0x000000001dcc0000,0x000000001ddc0000)]
  0x0000000019bea800 JavaThread "Cache worker for journal cache (C:\Users\aleja\.gradle\caches\journal-1)" [_thread_blocked, id=10300, stack(0x000000001dbc0000,0x000000001dcc0000)]
  0x000000001ac56000 JavaThread "Thread-9" [_thread_blocked, id=13344, stack(0x000000001d8c0000,0x000000001d9c0000)]
  0x000000001a7bc000 JavaThread "Stdin handler" [_thread_blocked, id=17752, stack(0x000000001d7c0000,0x000000001d8c0000)]
  0x000000001a7b9800 JavaThread "Asynchronous log dispatcher for DefaultDaemonConnection: socket connection from /127.0.0.1:5125 to /127.0.0.1:5126" [_thread_blocked, id=11004, stack(0x000000001d6c0000,0x000000001d7c0000)]
  0x000000001a7a7000 JavaThread "Daemon worker" [_thread_blocked, id=724, stack(0x000000001d5c0000,0x000000001d6c0000)]
  0x000000001a7a5800 JavaThread "Cancel handler" [_thread_blocked, id=6252, stack(0x000000001d4c0000,0x000000001d5c0000)]
  0x000000001ad4d800 JavaThread "Handler for socket connection from /127.0.0.1:5125 to /127.0.0.1:5126" [_thread_in_native, id=3136, stack(0x000000001d1c0000,0x000000001d2c0000)]
  0x000000001baf3800 JavaThread "Daemon" [_thread_blocked, id=5320, stack(0x000000001d0c0000,0x000000001d1c0000)]
  0x000000001baa7800 JavaThread "Daemon periodic checks" [_thread_blocked, id=17208, stack(0x000000001cfc0000,0x000000001d0c0000)]
  0x000000001baa5800 JavaThread "Incoming local TCP Connector on port 5125" [_thread_in_native, id=1392, stack(0x000000001cd50000,0x000000001ce50000)]
  0x000000001ba0a000 JavaThread "Daemon health stats" [_thread_blocked, id=6176, stack(0x000000001c710000,0x000000001c810000)]
  0x00000000199a8800 JavaThread "Service Thread" daemon [_thread_blocked, id=17668, stack(0x0000000019d70000,0x0000000019e70000)]
  0x000000001801a000 JavaThread "C1 CompilerThread2" daemon [_thread_blocked, id=13688, stack(0x0000000019870000,0x0000000019970000)]
=>0x000000001800c000 JavaThread "C2 CompilerThread1" daemon [_thread_in_native, id=9420, stack(0x0000000019770000,0x0000000019870000)]
  0x0000000018006800 JavaThread "C2 CompilerThread0" daemon [_thread_in_native, id=5616, stack(0x0000000019670000,0x0000000019770000)]
  0x0000000018002800 JavaThread "Attach Listener" daemon [_thread_blocked, id=6640, stack(0x0000000019570000,0x0000000019670000)]
  0x0000000018001000 JavaThread "Signal Dispatcher" daemon [_thread_blocked, id=11244, stack(0x0000000019470000,0x0000000019570000)]
  0x000000000330b000 JavaThread "Finalizer" daemon [_thread_blocked, id=5628, stack(0x0000000019250000,0x0000000019350000)]
  0x0000000017fe9000 JavaThread "Reference Handler" daemon [_thread_blocked, id=2076, stack(0x0000000019150000,0x0000000019250000)]
  0x0000000003212800 JavaThread "main" [_thread_blocked, id=17816, stack(0x0000000003050000,0x0000000003150000)]

Other Threads:
  0x0000000017fc6800 VMThread [stack: 0x0000000019050000,0x0000000019150000] [id=18040]
  0x0000000018055000 WatcherThread [stack: 0x0000000019e70000,0x0000000019f70000] [id=17420]

VM state:not at safepoint (normal execution)

VM Mutex/Monitor currently owned by a thread:  ([mutex/lock_event])
[0x00000000033dc5e0] CodeCache_lock - owner thread: 0x0000000018006800
[0x00000000032103d0] Compile_lock - owner thread: 0x0000000018006800
[0x00000000032108d0] MethodCompileQueue_lock - owner thread: 0x0000000018006800

heap address: 0x0000000080000000, size: 2048 MB, Compressed Oops mode: 32-bit
Narrow klass base: 0x0000000000000000, Narrow klass shift: 3
Compressed class space size: 1073741824 Address: 0x0000000100000000

Heap:
 PSYoungGen      total 382976K, used 357432K [0x00000000d5580000, 0x00000000eed00000, 0x0000000100000000)
  eden space 361472K, 98% used [0x00000000d5580000,0x00000000eb28e148,0x00000000eb680000)
  from space 21504K, 0% used [0x00000000ecf00000,0x00000000ecf00000,0x00000000ee400000)
  to   space 25088K, 0% used [0x00000000eb680000,0x00000000eb680000,0x00000000ecf00000)
 ParOldGen       total 181760K, used 33385K [0x0000000080000000, 0x000000008b180000, 0x00000000d5580000)
  object space 181760K, 18% used [0x0000000080000000,0x000000008209a770,0x000000008b180000)
 Metaspace       used 76399K, capacity 79390K, committed 79536K, reserved 1118208K
  class space    used 10258K, capacity 10856K, committed 10928K, reserved 1048576K

Card table byte_map: [0x00000000127a0000,0x0000000012bb0000] byte_map_base: 0x00000000123a0000

Marking Bits: (ParMarkBitMap*) 0x000000005e36f030
 Begin Bits: [0x0000000013260000, 0x0000000015260000)
 End Bits:   [0x0000000015260000, 0x0000000017260000)

Polling page: 0x0000000001360000

CodeCache: size=245760Kb used=25809Kb max_used=25824Kb free=219950Kb
 bounds [0x00000000033e0000, 0x0000000004d40000, 0x00000000123e0000]
 total_blobs=8456 nmethods=7597 adapters=771
 compilation: enabled

Compilation events (10 events):
Event: 55.364 Thread 0x000000001801a000 nmethod 8837 0x0000000004d238d0 code [0x0000000004d23ae0, 0x0000000004d24618]
Event: 55.364 Thread 0x000000001801a000 8838   !   3       org.gradle.internal.operations.DefaultBuildOperationExecutor::call (38 bytes)
Event: 55.365 Thread 0x000000001800c000 8842 %     4       com.esotericsoftware.kryo.io.Output::writeString @ 65 (125 bytes)
Event: 55.366 Thread 0x000000001801a000 nmethod 8838 0x0000000004d24d90 code [0x0000000004d24fa0, 0x0000000004d259a8]
Event: 55.366 Thread 0x000000001801a000 8839       3       org.gradle.internal.operations.DefaultBuildOperationExecutor$CallableBuildOperationWorker::<init> (5 bytes)
Event: 55.366 Thread 0x000000001801a000 nmethod 8839 0x0000000004d1fe10 code [0x0000000004d1ff80, 0x0000000004d20190]
Event: 55.366 Thread 0x000000001801a000 8840       3       org.gradle.internal.operations.DefaultBuildOperationExecutor$CallableBuildOperationWorker::<init> (5 bytes)
Event: 55.366 Thread 0x000000001801a000 nmethod 8840 0x0000000004d1fa50 code [0x0000000004d1fba0, 0x0000000004d1fd50]
Event: 55.366 Thread 0x000000001801a000 8835       1       org.gradle.api.internal.artifacts.transform.DefaultTransformationWorkspace::getOutputDirectory (5 bytes)
Event: 55.366 Thread 0x000000001801a000 nmethod 8835 0x0000000004d1f790 code [0x0000000004d1f8e0, 0x0000000004d1f9f0]

GC Heap History (10 events):
Event: 19.300 GC heap before
{Heap before GC invocations=7 (full 1):
 PSYoungGen      total 141824K, used 21224K [0x00000000d5580000, 0x00000000e5800000, 0x0000000100000000)
  eden space 131072K, 7% used [0x00000000d5580000,0x00000000d5fbbf60,0x00000000dd580000)
  from space 10752K, 99% used [0x00000000dd580000,0x00000000ddffe1b0,0x00000000de000000)
  to   space 15872K, 0% used [0x00000000e4880000,0x00000000e4880000,0x00000000e5800000)
 ParOldGen       total 87040K, used 10310K [0x0000000080000000, 0x0000000085500000, 0x00000000d5580000)
  object space 87040K, 11% used [0x0000000080000000,0x0000000080a11ad0,0x0000000085500000)
 Metaspace       used 34452K, capacity 35314K, committed 35496K, reserved 1079296K
  class space    used 4555K, capacity 4803K, committed 4912K, reserved 1048576K
Event: 19.316 GC heap after
Heap after GC invocations=7 (full 1):
 PSYoungGen      total 249344K, used 6908K [0x00000000d5580000, 0x00000000e5b00000, 0x0000000100000000)
  eden space 233472K, 0% used [0x00000000d5580000,0x00000000d5580000,0x00000000e3980000)
  from space 15872K, 43% used [0x00000000e4880000,0x00000000e4f3f1f0,0x00000000e5800000)
  to   space 15360K, 0% used [0x00000000e3980000,0x00000000e3980000,0x00000000e4880000)
 ParOldGen       total 87040K, used 10318K [0x0000000080000000, 0x0000000085500000, 0x00000000d5580000)
  object space 87040K, 11% used [0x0000000080000000,0x0000000080a13ad0,0x0000000085500000)
 Metaspace       used 34452K, capacity 35314K, committed 35496K, reserved 1079296K
  class space    used 4555K, capacity 4803K, committed 4912K, reserved 1048576K
}
Event: 19.316 GC heap before
{Heap before GC invocations=8 (full 2):
 PSYoungGen      total 249344K, used 6908K [0x00000000d5580000, 0x00000000e5b00000, 0x0000000100000000)
  eden space 233472K, 0% used [0x00000000d5580000,0x00000000d5580000,0x00000000e3980000)
  from space 15872K, 43% used [0x00000000e4880000,0x00000000e4f3f1f0,0x00000000e5800000)
  to   space 15360K, 0% used [0x00000000e3980000,0x00000000e3980000,0x00000000e4880000)
 ParOldGen       total 87040K, used 10318K [0x0000000080000000, 0x0000000085500000, 0x00000000d5580000)
  object space 87040K, 11% used [0x0000000080000000,0x0000000080a13ad0,0x0000000085500000)
 Metaspace       used 34452K, capacity 35314K, committed 35496K, reserved 1079296K
  class space    used 4555K, capacity 4803K, committed 4912K, reserved 1048576K
Event: 19.428 GC heap after
Heap after GC invocations=8 (full 2):
 PSYoungGen      total 249344K, used 0K [0x00000000d5580000, 0x00000000e5b00000, 0x0000000100000000)
  eden space 233472K, 0% used [0x00000000d5580000,0x00000000d5580000,0x00000000e3980000)
  from space 15872K, 0% used [0x00000000e4880000,0x00000000e4880000,0x00000000e5800000)
  to   space 15360K, 0% used [0x00000000e3980000,0x00000000e3980000,0x00000000e4880000)
 ParOldGen       total 125952K, used 13633K [0x0000000080000000, 0x0000000087b00000, 0x00000000d5580000)
  object space 125952K, 10% used [0x0000000080000000,0x0000000080d50730,0x0000000087b00000)
 Metaspace       used 34452K, capacity 35314K, committed 35496K, reserved 1079296K
  class space    used 4555K, capacity 4803K, committed 4912K, reserved 1048576K
}
Event: 30.279 GC heap before
{Heap before GC invocations=9 (full 2):
 PSYoungGen      total 249344K, used 233472K [0x00000000d5580000, 0x00000000e5b00000, 0x0000000100000000)
  eden space 233472K, 100% used [0x00000000d5580000,0x00000000e3980000,0x00000000e3980000)
  from space 15872K, 0% used [0x00000000e4880000,0x00000000e4880000,0x00000000e5800000)
  to   space 15360K, 0% used [0x00000000e3980000,0x00000000e3980000,0x00000000e4880000)
 ParOldGen       total 125952K, used 13633K [0x0000000080000000, 0x0000000087b00000, 0x00000000d5580000)
  object space 125952K, 10% used [0x0000000080000000,0x0000000080d50730,0x0000000087b00000)
 Metaspace       used 49837K, capacity 51692K, committed 51888K, reserved 1093632K
  class space    used 6597K, capacity 7005K, committed 7088K, reserved 1048576K
Event: 30.331 GC heap after
Heap after GC invocations=9 (full 2):
 PSYoungGen      total 248832K, used 15352K [0x00000000d5580000, 0x00000000ee400000, 0x0000000100000000)
  eden space 233472K, 0% used [0x00000000d5580000,0x00000000d5580000,0x00000000e3980000)
  from space 15360K, 99% used [0x00000000e3980000,0x00000000e487e270,0x00000000e4880000)
  to   space 21504K, 0% used [0x00000000ecf00000,0x00000000ecf00000,0x00000000ee400000)
 ParOldGen       total 125952K, used 21074K [0x0000000080000000, 0x0000000087b00000, 0x00000000d5580000)
  object space 125952K, 16% used [0x0000000080000000,0x0000000081494b70,0x0000000087b00000)
 Metaspace       used 49837K, capacity 51692K, committed 51888K, reserved 1093632K
  class space    used 6597K, capacity 7005K, committed 7088K, reserved 1048576K
}
Event: 33.750 GC heap before
{Heap before GC invocations=10 (full 2):
 PSYoungGen      total 248832K, used 92320K [0x00000000d5580000, 0x00000000ee400000, 0x0000000100000000)
  eden space 233472K, 32% used [0x00000000d5580000,0x00000000da0a9e18,0x00000000e3980000)
  from space 15360K, 99% used [0x00000000e3980000,0x00000000e487e270,0x00000000e4880000)
  to   space 21504K, 0% used [0x00000000ecf00000,0x00000000ecf00000,0x00000000ee400000)
 ParOldGen       total 125952K, used 21074K [0x0000000080000000, 0x0000000087b00000, 0x00000000d5580000)
  object space 125952K, 16% used [0x0000000080000000,0x0000000081494b70,0x0000000087b00000)
 Metaspace       used 56892K, capacity 59090K, committed 59160K, reserved 1099776K
  class space    used 7556K, capacity 8047K, committed 8112K, reserved 1048576K
Event: 33.820 GC heap after
Heap after GC invocations=10 (full 2):
 PSYoungGen      total 382976K, used 21500K [0x00000000d5580000, 0x00000000eed00000, 0x0000000100000000)
  eden space 361472K, 0% used [0x00000000d5580000,0x00000000d5580000,0x00000000eb680000)
  from space 21504K, 99% used [0x00000000ecf00000,0x00000000ee3ff000,0x00000000ee400000)
  to   space 25088K, 0% used [0x00000000eb680000,0x00000000eb680000,0x00000000ecf00000)
 ParOldGen       total 125952K, used 21216K [0x0000000080000000, 0x0000000087b00000, 0x00000000d5580000)
  object space 125952K, 16% used [0x0000000080000000,0x00000000814b8018,0x0000000087b00000)
 Metaspace       used 56892K, capacity 59090K, committed 59160K, reserved 1099776K
  class space    used 7556K, capacity 8047K, committed 8112K, reserved 1048576K
}
Event: 33.820 GC heap before
{Heap before GC invocations=11 (full 3):
 PSYoungGen      total 382976K, used 21500K [0x00000000d5580000, 0x00000000eed00000, 0x0000000100000000)
  eden space 361472K, 0% used [0x00000000d5580000,0x00000000d5580000,0x00000000eb680000)
  from space 21504K, 99% used [0x00000000ecf00000,0x00000000ee3ff000,0x00000000ee400000)
  to   space 25088K, 0% used [0x00000000eb680000,0x00000000eb680000,0x00000000ecf00000)
 ParOldGen       total 125952K, used 21216K [0x0000000080000000, 0x0000000087b00000, 0x00000000d5580000)
  object space 125952K, 16% used [0x0000000080000000,0x00000000814b8018,0x0000000087b00000)
 Metaspace       used 56892K, capacity 59090K, committed 59160K, reserved 1099776K
  class space    used 7556K, capacity 8047K, committed 8112K, reserved 1048576K
Event: 34.222 GC heap after
Heap after GC invocations=11 (full 3):
 PSYoungGen      total 382976K, used 0K [0x00000000d5580000, 0x00000000eed00000, 0x0000000100000000)
  eden space 361472K, 0% used [0x00000000d5580000,0x00000000d5580000,0x00000000eb680000)
  from space 21504K, 0% used [0x00000000ecf00000,0x00000000ecf00000,0x00000000ee400000)
  to   space 25088K, 0% used [0x00000000eb680000,0x00000000eb680000,0x00000000ecf00000)
 ParOldGen       total 181760K, used 33385K [0x0000000080000000, 0x000000008b180000, 0x00000000d5580000)
  object space 181760K, 18% used [0x0000000080000000,0x000000008209a770,0x000000008b180000)
 Metaspace       used 56806K, capacity 58856K, committed 59160K, reserved 1099776K
  class space    used 7534K, capacity 8019K, committed 8112K, reserved 1048576K
}

Deoptimization events (10 events):
Event: 53.606 Thread 0x000000001ac0d800 Uncommon trap: reason=class_check action=maybe_recompile pc=0x000000000392fbf0 method=java.util.zip.InflaterInputStream.read([BII)I @ 100
Event: 53.606 Thread 0x000000001ac0d800 Uncommon trap: reason=class_check action=maybe_recompile pc=0x000000000392fbf0 method=java.util.zip.InflaterInputStream.read([BII)I @ 100
Event: 53.606 Thread 0x000000001ac0d800 Uncommon trap: reason=class_check action=maybe_recompile pc=0x000000000392fbf0 method=java.util.zip.InflaterInputStream.read([BII)I @ 100
Event: 53.606 Thread 0x000000001ac0d800 Uncommon trap: reason=class_check action=maybe_recompile pc=0x000000000392fbf0 method=java.util.zip.InflaterInputStream.read([BII)I @ 100
Event: 53.617 Thread 0x000000001ac0a800 Uncommon trap: reason=bimorphic action=maybe_recompile pc=0x00000000039da1e8 method=java.io.DataOutputStream.writeShort(I)V @ 12
Event: 54.750 Thread 0x000000001ac0d000 Uncommon trap: reason=unstable_if action=reinterpret pc=0x000000000427459c method=java.util.LinkedHashMap.afterNodeInsertion(Z)V @ 18
Event: 55.360 Thread 0x000000001abc9800 Uncommon trap: reason=unstable_if action=reinterpret pc=0x0000000004b5f750 method=com.esotericsoftware.kryo.io.Output.writeString(Ljava/lang/CharSequence;)V @ 50
Event: 55.360 Thread 0x000000001abc9800 Uncommon trap: reason=unstable_if action=reinterpret pc=0x00000000041fd590 method=com.esotericsoftware.kryo.io.Output.writeString(Ljava/lang/CharSequence;)V @ 50
Event: 55.366 Thread 0x000000001abc9800 Uncommon trap: reason=unstable_if action=reinterpret pc=0x0000000004565884 method=java.io.BufferedOutputStream.write([BII)V @ 6
Event: 55.366 Thread 0x000000001abc9800 Uncommon trap: reason=unstable_if action=reinterpret pc=0x0000000003c4c5dc method=java.io.BufferedOutputStream.write([BII)V @ 6

Classes redefined (0 events):
No events

Internal exceptions (10 events):
Event: 46.169 Thread 0x000000001ac07000 Implicit null exception at 0x0000000003656856 to 0x0000000003656be9
Event: 46.297 Thread 0x000000001ac07000 Implicit null exception at 0x00000000042c32af to 0x00000000042c38bd
Event: 48.474 Thread 0x000000001ac07000 Implicit null exception at 0x000000000399d198 to 0x000000000399d2cd
Event: 51.484 Thread 0x000000001ac07000 Exception <a 'java/net/SocketTimeoutException': Read timed out> (0x00000000e5fa74f0) thrown at [C:\src\AOSP-openjdk-git\hotspot\src\share\vm\prims\jni.cpp, line 737]
Event: 53.273 Thread 0x000000001a7a7000 Exception <a 'java/lang/NoSuchMethodError': java.lang.Object.lambda$flatMap$1(Ljava/util/function/Function;Lorg/gradle/internal/Try;)Lorg/gradle/api/internal/artifacts/transform/CacheableInvocation;> (0x00000000e7db5478) thrown at [C:\src\AOSP-openjdk-git
Event: 53.277 Thread 0x000000001a7a7000 Exception <a 'java/lang/NoSuchMethodError': java.lang.Object.lambda$flatMap$4(Ljava/util/function/Function;)Lorg/gradle/api/internal/artifacts/transform/CacheableInvocation;> (0x00000000e7dba048) thrown at [C:\src\AOSP-openjdk-git\hotspot\src\share\vm\int
Event: 53.277 Thread 0x000000001a7a7000 Exception <a 'java/lang/NoSuchMethodError': java.lang.Object.lambda$flatMap$3(Ljava/util/function/Function;)Lorg/gradle/internal/Try;> (0x00000000e7dbf6a8) thrown at [C:\src\AOSP-openjdk-git\hotspot\src\share\vm\interpreter\linkResolver.cpp, line 620]
Event: 53.456 Thread 0x000000001ac0d000 Exception <a 'java/lang/NoSuchMethodError': java.lang.Object.lambda$flatMap$2(Ljava/util/function/Function;Ljava/lang/Object;)Lorg/gradle/internal/Try;> (0x00000000e890f068) thrown at [C:\src\AOSP-openjdk-git\hotspot\src\share\vm\interpreter\linkResolver.
Event: 53.706 Thread 0x000000001ac0d000 Exception <a 'java/lang/NoSuchMethodError': java.lang.Object.lambda$flatMap$0(Ljava/lang/Throwable;)Lorg/gradle/api/internal/artifacts/transform/CacheableInvocation;> (0x00000000e935fae0) thrown at [C:\src\AOSP-openjdk-git\hotspot\src\share\vm\interpreter
Event: 54.005 Thread 0x000000001ac0d800 Exception <a 'sun/nio/fs/WindowsException'> (0x00000000ea74fb18) thrown at [C:\src\AOSP-openjdk-git\hotspot\src\share\vm\prims\jni.cpp, line 710]

Events (10 events):
Event: 55.361 Executing VM operation: RevokeBias
Event: 55.362 Executing VM operation: RevokeBias done
Event: 55.365 Thread 0x000000001abc9800 Uncommon trap: trap_request=0xffffff65 fr.pc=0x0000000004565884
Event: 55.365 Executing VM operation: RevokeBias
Event: 55.365 Executing VM operation: RevokeBias done
Event: 55.366 Thread 0x000000001abc9800 DEOPT PACKING pc=0x0000000004565884 sp=0x00000000219de360
Event: 55.366 Thread 0x000000001abc9800 DEOPT UNPACKING pc=0x000000000342557b sp=0x00000000219de2a0 mode 2
Event: 55.366 Thread 0x000000001abc9800 Uncommon trap: trap_request=0xffffff65 fr.pc=0x0000000003c4c5dc
Event: 55.367 Thread 0x000000001abc9800 DEOPT PACKING pc=0x0000000003c4c5dc sp=0x00000000219de2c0
Event: 55.367 Thread 0x000000001abc9800 DEOPT UNPACKING pc=0x000000000342557b sp=0x00000000219de290 mode 2


Dynamic libraries:
0x00007ff78c9a0000 - 0x00007ff78c9d1000 	C:\Program Files\Android\Android Studio\jre\bin\java.exe
0x00007ff9b3920000 - 0x00007ff9b3b10000 	C:\WINDOWS\SYSTEM32\ntdll.dll
0x00007ff9b2240000 - 0x00007ff9b22f2000 	C:\WINDOWS\System32\KERNEL32.DLL
0x00007ff9b0a70000 - 0x00007ff9b0d14000 	C:\WINDOWS\System32\KERNELBASE.dll
0x00007ff9b19d0000 - 0x00007ff9b1a73000 	C:\WINDOWS\System32\ADVAPI32.dll
0x00007ff9b2990000 - 0x00007ff9b2a2e000 	C:\WINDOWS\System32\msvcrt.dll
0x00007ff9b33c0000 - 0x00007ff9b3457000 	C:\WINDOWS\System32\sechost.dll
0x00007ff9b3130000 - 0x00007ff9b3250000 	C:\WINDOWS\System32\RPCRT4.dll
0x00007ff9b27f0000 - 0x00007ff9b2985000 	C:\WINDOWS\System32\USER32.dll
0x00007ff9b0a40000 - 0x00007ff9b0a61000 	C:\WINDOWS\System32\win32u.dll
0x00007ff9b3660000 - 0x00007ff9b3686000 	C:\WINDOWS\System32\GDI32.dll
0x00007ff9b16d0000 - 0x00007ff9b1866000 	C:\WINDOWS\System32\gdi32full.dll
0x00007ff9b0e20000 - 0x00007ff9b0ebe000 	C:\WINDOWS\System32\msvcp_win.dll
0x00007ff9b0d20000 - 0x00007ff9b0e1a000 	C:\WINDOWS\System32\ucrtbase.dll
0x00007ff9afc70000 - 0x00007ff9afef4000 	C:\WINDOWS\WinSxS\amd64_microsoft.windows.common-controls_6595b64144ccf1df_6.0.18362.1016_none_9e7a36bbe461dae4\COMCTL32.dll
0x00007ff9b1e50000 - 0x00007ff9b2185000 	C:\WINDOWS\System32\combase.dll
0x00007ff9b0ec0000 - 0x00007ff9b0f40000 	C:\WINDOWS\System32\bcryptPrimitives.dll
0x00007ff9b3390000 - 0x00007ff9b33be000 	C:\WINDOWS\System32\IMM32.DLL
0x000000005dac0000 - 0x000000005db92000 	C:\Program Files\Android\Android Studio\jre\jre\bin\msvcr100.dll
0x000000005dba0000 - 0x000000005e3eb000 	C:\Program Files\Android\Android Studio\jre\jre\bin\server\jvm.dll
0x00007ff9b3460000 - 0x00007ff9b3468000 	C:\WINDOWS\System32\PSAPI.DLL
0x00007ff9ad5d0000 - 0x00007ff9ad5f4000 	C:\WINDOWS\SYSTEM32\WINMM.dll
0x00007ff9a5000000 - 0x00007ff9a5009000 	C:\WINDOWS\SYSTEM32\WSOCK32.dll
0x00007ff9b37a0000 - 0x00007ff9b380f000 	C:\WINDOWS\System32\WS2_32.dll
0x00007ff9a5a20000 - 0x00007ff9a5a2a000 	C:\WINDOWS\SYSTEM32\VERSION.dll
0x00007ff9ad5a0000 - 0x00007ff9ad5cd000 	C:\WINDOWS\SYSTEM32\WINMMBASE.dll
0x00007ff9b09f0000 - 0x00007ff9b0a3a000 	C:\WINDOWS\System32\cfgmgr32.dll
0x00007ff9a5310000 - 0x00007ff9a531f000 	C:\Program Files\Android\Android Studio\jre\jre\bin\verify.dll
0x00007ff991a10000 - 0x00007ff991a39000 	C:\Program Files\Android\Android Studio\jre\jre\bin\java.dll
0x00007ff99bcb0000 - 0x00007ff99bcc6000 	C:\Program Files\Android\Android Studio\jre\jre\bin\zip.dll
0x00007ff9b2a40000 - 0x00007ff9b3127000 	C:\WINDOWS\System32\SHELL32.dll
0x00007ff9b3470000 - 0x00007ff9b3519000 	C:\WINDOWS\System32\shcore.dll
0x00007ff9b0f40000 - 0x00007ff9b16c2000 	C:\WINDOWS\System32\windows.storage.dll
0x00007ff9b07e0000 - 0x00007ff9b0803000 	C:\WINDOWS\System32\profapi.dll
0x00007ff9b0830000 - 0x00007ff9b087a000 	C:\WINDOWS\System32\powrprof.dll
0x00007ff9b07d0000 - 0x00007ff9b07e0000 	C:\WINDOWS\System32\UMPDC.dll
0x00007ff9b1a80000 - 0x00007ff9b1ad2000 	C:\WINDOWS\System32\shlwapi.dll
0x00007ff9b0810000 - 0x00007ff9b0821000 	C:\WINDOWS\System32\kernel.appcore.dll
0x00007ff9b1870000 - 0x00007ff9b1887000 	C:\WINDOWS\System32\cryptsp.dll
0x00007ff99b500000 - 0x00007ff99b51a000 	C:\Program Files\Android\Android Studio\jre\jre\bin\net.dll
0x00007ff9af950000 - 0x00007ff9af9b7000 	C:\WINDOWS\system32\mswsock.dll
0x00007ff98ece0000 - 0x00007ff98ecf3000 	C:\Program Files\Android\Android Studio\jre\jre\bin\nio.dll
0x00007ff99bd10000 - 0x00007ff99bd36000 	C:\Users\aleja\.gradle\native\31\windows-amd64\native-platform.dll
0x00007ff9a52a0000 - 0x00007ff9a52ad000 	C:\Program Files\Android\Android Studio\jre\jre\bin\management.dll
0x00007ff9af4c0000 - 0x00007ff9af4f3000 	C:\WINDOWS\system32\rsaenh.dll
0x00007ff9b1890000 - 0x00007ff9b18b6000 	C:\WINDOWS\System32\bcrypt.dll
0x00007ff9b06c0000 - 0x00007ff9b06e5000 	C:\WINDOWS\SYSTEM32\USERENV.dll
0x00007ff9afb20000 - 0x00007ff9afb2c000 	C:\WINDOWS\SYSTEM32\CRYPTBASE.dll
0x00007ff9af660000 - 0x00007ff9af69a000 	C:\WINDOWS\SYSTEM32\IPHLPAPI.DLL
0x00007ff9b3690000 - 0x00007ff9b3698000 	C:\WINDOWS\System32\NSI.dll
0x00007ff99eaf0000 - 0x00007ff99eb06000 	C:\WINDOWS\SYSTEM32\dhcpcsvc6.DLL
0x00007ff99ead0000 - 0x00007ff99eaec000 	C:\WINDOWS\SYSTEM32\dhcpcsvc.DLL
0x00007ff9af6a0000 - 0x00007ff9af76b000 	C:\WINDOWS\SYSTEM32\DNSAPI.dll
0x00007ff98b7a0000 - 0x00007ff98b7c4000 	C:\Program Files\Android\Android Studio\jre\jre\bin\sunec.dll
0x00007ff99cc30000 - 0x00007ff99cc3a000 	C:\Windows\System32\rasadhlp.dll
0x00007ff99e6f0000 - 0x00007ff99e767000 	C:\WINDOWS\System32\fwpuclnt.dll
0x00007ff9a5330000 - 0x00007ff9a533b000 	C:\Program Files\Android\Android Studio\jre\jre\bin\sunmscapi.dll
0x00007ff9b08a0000 - 0x00007ff9b09e9000 	C:\WINDOWS\System32\CRYPT32.dll
0x00007ff9b0880000 - 0x00007ff9b0892000 	C:\WINDOWS\System32\MSASN1.dll
0x00007ff9b0250000 - 0x00007ff9b0281000 	C:\WINDOWS\SYSTEM32\ntmarta.dll
0x00007ff9b0290000 - 0x00007ff9b0484000 	C:\WINDOWS\SYSTEM32\dbghelp.dll

VM Arguments:
jvm_args: -Xmx2048m -Dfile.encoding=windows-1252 -Duser.country=419 -Duser.language=es -Duser.variant 
java_command: org.gradle.launcher.daemon.bootstrap.GradleDaemon 6.1.1
java_class_path (initial): C:\Users\aleja\.gradle\wrapper\dists\gradle-6.1.1-all\cfmwm155h49vnt3hynmlrsdst\gradle-6.1.1\lib\gradle-launcher-6.1.1.jar
Launcher Type: SUN_STANDARD

Environment Variables:
JAVA_HOME=C:\Program Files\Java\jdk1.8.0_251
PATH=C:\Program Files (x86)\Common Files\Oracle\Java\javapath;C:\WINDOWS\system32;C:\WINDOWS;C:\WINDOWS\System32\Wbem;C:\WINDOWS\System32\WindowsPowerShell\v1.0\;C:\WINDOWS\System32\OpenSSH\;C:\Program Files\IDM Computer Solutions\UltraEdit;C:\Program Files\dotnet\;C:\Program Files\Microsoft SQL Server\130\Tools\Binn\;C:\Program Files\Microsoft SQL Server\Client SDK\ODBC\170\Tools\Binn\;C:\mv\apache-maven-3.6.3\bin;C:\Program Files\Java\jdk1.8.0_251\bin;C:\Program Files\Git\cmd;C:\Program Files (x86)\Intel\Intel(R) Management Engine Components\DAL;C:\Program Files\Intel\Intel(R) Management Engine Components\DAL;C:\Program Files\MySQL\MySQL Shell 8.0\bin\;C:\Users\aleja\AppData\Local\Microsoft\WindowsApps;;C:\Users\aleja\AppData\Local\Programs\Microsoft VS Code\bin
USERNAME=aleja
OS=Windows_NT
PROCESSOR_IDENTIFIER=Intel64 Family 6 Model 78 Stepping 3, GenuineIntel



---------------  S Y S T E M  ---------------

OS: Windows 10.0 , 64 bit Build 18362 (10.0.18362.959)

CPU:total 4 (initial active 4) (2 cores per cpu, 2 threads per core) family 6 model 78 stepping 3, cmov, cx8, fxsr, mmx, sse, sse2, sse3, ssse3, sse4.1, sse4.2, popcnt, avx, avx2, aes, clmul, erms, 3dnowpref, lzcnt, ht, tsc, tscinvbit, bmi1, bmi2, adx

Memory: 4k page, physical 16670344k(9524660k free), swap 19160712k(11011048k free)

vm_info: OpenJDK 64-Bit Server VM (25.242-b01) for windows-amd64 JRE (1.8.0_242-release-1644-b01), built by "builder" with MS VC++ 10.0 (VS2010)

time: Thu Sep 10 18:56:25 2020
timezone: Hora est. Pacífico, Sudamérica
elapsed time: 55 seconds (0d 0h 0m 55s)

